2023/05/29 07:53:35 [notice] 1#1: using the "epoll" event method
2023/05/29 07:53:35 [notice] 1#1: nginx/1.23.4
2023/05/29 07:53:35 [notice] 1#1: built by gcc 10.2.1 20210110 (Debian 10.2.1-6) 
2023/05/29 07:53:35 [notice] 1#1: OS: Linux 5.19.0-42-generic
2023/05/29 07:53:35 [notice] 1#1: getrlimit(RLIMIT_NOFILE): 1048576:1048576
2023/05/29 07:53:35 [notice] 1#1: start worker processes
2023/05/29 07:53:35 [notice] 1#1: start worker process 28
2023/05/29 07:53:35 [notice] 1#1: start worker process 29
2023/05/29 07:53:35 [notice] 1#1: start worker process 30
2023/05/29 07:53:35 [notice] 1#1: start worker process 31
2023/05/29 07:53:35 [notice] 1#1: start worker process 32
2023/05/29 07:53:35 [notice] 1#1: start worker process 33
2023/05/29 07:53:35 [notice] 1#1: start worker process 34
2023/05/29 07:53:35 [notice] 1#1: start worker process 35
2023/05/29 07:54:04 [notice] 1#1: signal 3 (SIGQUIT) received, shutting down
2023/05/29 07:54:04 [notice] 28#28: gracefully shutting down
2023/05/29 07:54:04 [notice] 29#29: gracefully shutting down
2023/05/29 07:54:04 [notice] 33#33: gracefully shutting down
2023/05/29 07:54:04 [notice] 32#32: gracefully shutting down
2023/05/29 07:54:04 [notice] 35#35: gracefully shutting down
2023/05/29 07:54:04 [notice] 34#34: gracefully shutting down
2023/05/29 07:54:04 [notice] 29#29: exiting
2023/05/29 07:54:04 [notice] 33#33: exiting
2023/05/29 07:54:04 [notice] 32#32: exiting
2023/05/29 07:54:04 [notice] 35#35: exiting
2023/05/29 07:54:04 [notice] 34#34: exiting
2023/05/29 07:54:04 [notice] 32#32: exit
2023/05/29 07:54:04 [notice] 33#33: exit
2023/05/29 07:54:04 [notice] 29#29: exit
2023/05/29 07:54:04 [notice] 28#28: exiting
2023/05/29 07:54:04 [notice] 34#34: exit
2023/05/29 07:54:04 [notice] 35#35: exit
2023/05/29 07:54:04 [notice] 28#28: exit
2023/05/29 07:54:04 [notice] 31#31: gracefully shutting down
2023/05/29 07:54:04 [notice] 31#31: exiting
2023/05/29 07:54:04 [notice] 31#31: exit
2023/05/29 07:54:04 [notice] 30#30: gracefully shutting down
2023/05/29 07:54:04 [notice] 30#30: exiting
2023/05/29 07:54:04 [notice] 30#30: exit
2023/05/29 07:54:04 [notice] 1#1: signal 17 (SIGCHLD) received from 35
2023/05/29 07:54:04 [notice] 1#1: worker process 34 exited with code 0
2023/05/29 07:54:04 [notice] 1#1: worker process 35 exited with code 0
2023/05/29 07:54:04 [notice] 1#1: signal 29 (SIGIO) received
2023/05/29 07:54:04 [notice] 1#1: signal 17 (SIGCHLD) received from 29
2023/05/29 07:54:04 [notice] 1#1: worker process 29 exited with code 0
2023/05/29 07:54:04 [notice] 1#1: signal 29 (SIGIO) received
2023/05/29 07:54:04 [notice] 1#1: signal 17 (SIGCHLD) received from 28
2023/05/29 07:54:04 [notice] 1#1: worker process 28 exited with code 0
2023/05/29 07:54:04 [notice] 1#1: signal 29 (SIGIO) received
2023/05/29 07:54:04 [notice] 1#1: signal 17 (SIGCHLD) received from 30
2023/05/29 07:54:04 [notice] 1#1: worker process 30 exited with code 0
2023/05/29 07:54:04 [notice] 1#1: signal 29 (SIGIO) received
2023/05/29 07:54:04 [notice] 1#1: signal 17 (SIGCHLD) received from 32
2023/05/29 07:54:04 [notice] 1#1: worker process 32 exited with code 0
2023/05/29 07:54:04 [notice] 1#1: signal 29 (SIGIO) received
2023/05/29 07:54:04 [notice] 1#1: signal 17 (SIGCHLD) received from 31
2023/05/29 07:54:04 [notice] 1#1: worker process 31 exited with code 0
2023/05/29 07:54:04 [notice] 1#1: signal 29 (SIGIO) received
2023/05/29 07:54:04 [notice] 1#1: signal 17 (SIGCHLD) received from 33
2023/05/29 07:54:04 [notice] 1#1: worker process 33 exited with code 0
2023/05/29 07:54:04 [notice] 1#1: exit
2023/05/29 07:57:19 [notice] 1#1: using the "epoll" event method
2023/05/29 07:57:19 [notice] 1#1: nginx/1.23.4
2023/05/29 07:57:19 [notice] 1#1: built by gcc 10.2.1 20210110 (Debian 10.2.1-6) 
2023/05/29 07:57:19 [notice] 1#1: OS: Linux 5.19.0-42-generic
2023/05/29 07:57:19 [notice] 1#1: getrlimit(RLIMIT_NOFILE): 1048576:1048576
2023/05/29 07:57:19 [notice] 1#1: start worker processes
2023/05/29 07:57:19 [notice] 1#1: start worker process 28
2023/05/29 07:57:19 [notice] 1#1: start worker process 29
2023/05/29 07:57:19 [notice] 1#1: start worker process 30
2023/05/29 07:57:19 [notice] 1#1: start worker process 31
2023/05/29 07:57:19 [notice] 1#1: start worker process 32
2023/05/29 07:57:19 [notice] 1#1: start worker process 33
2023/05/29 07:57:19 [notice] 1#1: start worker process 34
2023/05/29 07:57:19 [notice] 1#1: start worker process 35
2023/05/29 07:59:06 [notice] 1#1: signal 3 (SIGQUIT) received, shutting down
2023/05/29 07:59:06 [notice] 28#28: gracefully shutting down
2023/05/29 07:59:06 [notice] 30#30: gracefully shutting down
2023/05/29 07:59:06 [notice] 32#32: gracefully shutting down
2023/05/29 07:59:06 [notice] 31#31: gracefully shutting down
2023/05/29 07:59:06 [notice] 28#28: exiting
2023/05/29 07:59:06 [notice] 30#30: exiting
2023/05/29 07:59:06 [notice] 32#32: exiting
2023/05/29 07:59:06 [notice] 31#31: exiting
2023/05/29 07:59:06 [notice] 28#28: exit
2023/05/29 07:59:06 [notice] 30#30: exit
2023/05/29 07:59:06 [notice] 31#31: exit
2023/05/29 07:59:06 [notice] 32#32: exit
2023/05/29 07:59:06 [notice] 33#33: gracefully shutting down
2023/05/29 07:59:06 [notice] 33#33: exiting
2023/05/29 07:59:06 [notice] 33#33: exit
2023/05/29 07:59:06 [notice] 29#29: gracefully shutting down
2023/05/29 07:59:06 [notice] 29#29: exiting
2023/05/29 07:59:06 [notice] 29#29: exit
2023/05/29 07:59:06 [notice] 34#34: gracefully shutting down
2023/05/29 07:59:06 [notice] 34#34: exiting
2023/05/29 07:59:06 [notice] 34#34: exit
2023/05/29 07:59:06 [notice] 35#35: gracefully shutting down
2023/05/29 07:59:06 [notice] 35#35: exiting
2023/05/29 07:59:06 [notice] 35#35: exit
2023/05/29 07:59:06 [notice] 1#1: signal 17 (SIGCHLD) received from 29
2023/05/29 07:59:06 [notice] 1#1: worker process 29 exited with code 0
2023/05/29 07:59:06 [notice] 1#1: signal 29 (SIGIO) received
2023/05/29 07:59:06 [notice] 1#1: signal 17 (SIGCHLD) received from 35
2023/05/29 07:59:06 [notice] 1#1: worker process 35 exited with code 0
2023/05/29 07:59:06 [notice] 1#1: signal 29 (SIGIO) received
2023/05/29 07:59:06 [notice] 1#1: signal 17 (SIGCHLD) received from 33
2023/05/29 07:59:06 [notice] 1#1: worker process 33 exited with code 0
2023/05/29 07:59:06 [notice] 1#1: worker process 34 exited with code 0
2023/05/29 07:59:06 [notice] 1#1: signal 29 (SIGIO) received
2023/05/29 07:59:06 [notice] 1#1: signal 17 (SIGCHLD) received from 34
2023/05/29 07:59:06 [notice] 1#1: worker process 32 exited with code 0
2023/05/29 07:59:06 [notice] 1#1: signal 29 (SIGIO) received
2023/05/29 07:59:06 [notice] 1#1: signal 17 (SIGCHLD) received from 31
2023/05/29 07:59:06 [notice] 1#1: worker process 31 exited with code 0
2023/05/29 07:59:06 [notice] 1#1: signal 29 (SIGIO) received
2023/05/29 07:59:06 [notice] 1#1: signal 17 (SIGCHLD) received from 30
2023/05/29 07:59:06 [notice] 1#1: worker process 30 exited with code 0
2023/05/29 07:59:06 [notice] 1#1: signal 29 (SIGIO) received
2023/05/29 07:59:06 [notice] 1#1: signal 17 (SIGCHLD) received from 28
2023/05/29 07:59:06 [notice] 1#1: worker process 28 exited with code 0
2023/05/29 07:59:06 [notice] 1#1: exit
2023/05/29 07:59:10 [notice] 1#1: using the "epoll" event method
2023/05/29 07:59:10 [notice] 1#1: nginx/1.23.4
2023/05/29 07:59:10 [notice] 1#1: built by gcc 10.2.1 20210110 (Debian 10.2.1-6) 
2023/05/29 07:59:10 [notice] 1#1: OS: Linux 5.19.0-42-generic
2023/05/29 07:59:10 [notice] 1#1: getrlimit(RLIMIT_NOFILE): 1048576:1048576
2023/05/29 07:59:10 [notice] 1#1: start worker processes
2023/05/29 07:59:10 [notice] 1#1: start worker process 28
2023/05/29 07:59:10 [notice] 1#1: start worker process 29
2023/05/29 07:59:10 [notice] 1#1: start worker process 30
2023/05/29 07:59:10 [notice] 1#1: start worker process 31
2023/05/29 07:59:10 [notice] 1#1: start worker process 32
2023/05/29 07:59:10 [notice] 1#1: start worker process 33
2023/05/29 07:59:10 [notice] 1#1: start worker process 34
2023/05/29 07:59:10 [notice] 1#1: start worker process 35
2023/05/29 08:00:59 [notice] 1#1: signal 3 (SIGQUIT) received, shutting down
2023/05/29 08:00:59 [notice] 29#29: gracefully shutting down
2023/05/29 08:00:59 [notice] 28#28: gracefully shutting down
2023/05/29 08:00:59 [notice] 30#30: gracefully shutting down
2023/05/29 08:00:59 [notice] 31#31: gracefully shutting down
2023/05/29 08:00:59 [notice] 32#32: gracefully shutting down
2023/05/29 08:00:59 [notice] 33#33: gracefully shutting down
2023/05/29 08:00:59 [notice] 29#29: exiting
2023/05/29 08:00:59 [notice] 34#34: gracefully shutting down
2023/05/29 08:00:59 [notice] 28#28: exiting
2023/05/29 08:00:59 [notice] 30#30: exiting
2023/05/29 08:00:59 [notice] 31#31: exiting
2023/05/29 08:00:59 [notice] 32#32: exiting
2023/05/29 08:00:59 [notice] 33#33: exiting
2023/05/29 08:00:59 [notice] 34#34: exiting
2023/05/29 08:00:59 [notice] 28#28: exit
2023/05/29 08:00:59 [notice] 29#29: exit
2023/05/29 08:00:59 [notice] 30#30: exit
2023/05/29 08:00:59 [notice] 31#31: exit
2023/05/29 08:00:59 [notice] 32#32: exit
2023/05/29 08:00:59 [notice] 33#33: exit
2023/05/29 08:00:59 [notice] 34#34: exit
2023/05/29 08:00:59 [notice] 35#35: gracefully shutting down
2023/05/29 08:00:59 [notice] 35#35: exiting
2023/05/29 08:00:59 [notice] 35#35: exit
2023/05/29 08:00:59 [notice] 1#1: signal 17 (SIGCHLD) received from 34
2023/05/29 08:00:59 [notice] 1#1: worker process 28 exited with code 0
2023/05/29 08:00:59 [notice] 1#1: worker process 29 exited with code 0
2023/05/29 08:00:59 [notice] 1#1: worker process 34 exited with code 0
2023/05/29 08:00:59 [notice] 1#1: signal 29 (SIGIO) received
2023/05/29 08:00:59 [notice] 1#1: signal 17 (SIGCHLD) received from 29
2023/05/29 08:00:59 [notice] 1#1: signal 17 (SIGCHLD) received from 31
2023/05/29 08:00:59 [notice] 1#1: worker process 31 exited with code 0
2023/05/29 08:00:59 [notice] 1#1: signal 29 (SIGIO) received
2023/05/29 08:00:59 [notice] 1#1: signal 17 (SIGCHLD) received from 30
2023/05/29 08:00:59 [notice] 1#1: worker process 30 exited with code 0
2023/05/29 08:00:59 [notice] 1#1: worker process 32 exited with code 0
2023/05/29 08:00:59 [notice] 1#1: signal 29 (SIGIO) received
2023/05/29 08:00:59 [notice] 1#1: signal 17 (SIGCHLD) received from 33
2023/05/29 08:00:59 [notice] 1#1: worker process 33 exited with code 0
2023/05/29 08:00:59 [notice] 1#1: signal 29 (SIGIO) received
2023/05/29 08:00:59 [notice] 1#1: signal 17 (SIGCHLD) received from 35
2023/05/29 08:00:59 [notice] 1#1: worker process 35 exited with code 0
2023/05/29 08:00:59 [notice] 1#1: exit
2023/05/29 08:02:31 [notice] 1#1: using the "epoll" event method
2023/05/29 08:02:31 [notice] 1#1: nginx/1.23.4
2023/05/29 08:02:31 [notice] 1#1: built by gcc 10.2.1 20210110 (Debian 10.2.1-6) 
2023/05/29 08:02:31 [notice] 1#1: OS: Linux 5.19.0-42-generic
2023/05/29 08:02:31 [notice] 1#1: getrlimit(RLIMIT_NOFILE): 1048576:1048576
2023/05/29 08:02:31 [notice] 1#1: start worker processes
2023/05/29 08:02:31 [notice] 1#1: start worker process 28
2023/05/29 08:02:31 [notice] 1#1: start worker process 29
2023/05/29 08:02:31 [notice] 1#1: start worker process 30
2023/05/29 08:02:31 [notice] 1#1: start worker process 31
2023/05/29 08:02:31 [notice] 1#1: start worker process 32
2023/05/29 08:02:31 [notice] 1#1: start worker process 33
2023/05/29 08:02:31 [notice] 1#1: start worker process 34
2023/05/29 08:02:31 [notice] 1#1: start worker process 35
2023/05/29 08:02:56 [notice] 1#1: signal 3 (SIGQUIT) received, shutting down
2023/05/29 08:02:56 [notice] 28#28: gracefully shutting down
2023/05/29 08:02:56 [notice] 29#29: gracefully shutting down
2023/05/29 08:02:56 [notice] 30#30: gracefully shutting down
2023/05/29 08:02:56 [notice] 28#28: exiting
2023/05/29 08:02:56 [notice] 34#34: gracefully shutting down
2023/05/29 08:02:56 [notice] 33#33: gracefully shutting down
2023/05/29 08:02:56 [notice] 29#29: exiting
2023/05/29 08:02:56 [notice] 30#30: exiting
2023/05/29 08:02:56 [notice] 31#31: gracefully shutting down
2023/05/29 08:02:56 [notice] 34#34: exiting
2023/05/29 08:02:56 [notice] 33#33: exiting
2023/05/29 08:02:56 [notice] 31#31: exiting
2023/05/29 08:02:56 [notice] 28#28: exit
2023/05/29 08:02:56 [notice] 34#34: exit
2023/05/29 08:02:56 [notice] 30#30: exit
2023/05/29 08:02:56 [notice] 29#29: exit
2023/05/29 08:02:56 [notice] 33#33: exit
2023/05/29 08:02:56 [notice] 31#31: exit
2023/05/29 08:02:56 [notice] 32#32: gracefully shutting down
2023/05/29 08:02:56 [notice] 32#32: exiting
2023/05/29 08:02:56 [notice] 35#35: gracefully shutting down
2023/05/29 08:02:56 [notice] 32#32: exit
2023/05/29 08:02:56 [notice] 35#35: exiting
2023/05/29 08:02:56 [notice] 35#35: exit
2023/05/29 08:02:56 [notice] 1#1: signal 17 (SIGCHLD) received from 34
2023/05/29 08:02:56 [notice] 1#1: worker process 28 exited with code 0
2023/05/29 08:02:56 [notice] 1#1: worker process 30 exited with code 0
2023/05/29 08:02:56 [notice] 1#1: worker process 33 exited with code 0
2023/05/29 08:02:56 [notice] 1#1: worker process 34 exited with code 0
2023/05/29 08:02:56 [notice] 1#1: signal 29 (SIGIO) received
2023/05/29 08:02:56 [notice] 1#1: signal 17 (SIGCHLD) received from 33
2023/05/29 08:02:56 [notice] 1#1: signal 17 (SIGCHLD) received from 35
2023/05/29 08:02:56 [notice] 1#1: worker process 35 exited with code 0
2023/05/29 08:02:56 [notice] 1#1: signal 29 (SIGIO) received
2023/05/29 08:02:56 [notice] 1#1: signal 17 (SIGCHLD) received from 29
2023/05/29 08:02:56 [notice] 1#1: worker process 29 exited with code 0
2023/05/29 08:02:56 [notice] 1#1: signal 29 (SIGIO) received
2023/05/29 08:02:56 [notice] 1#1: signal 17 (SIGCHLD) received from 31
2023/05/29 08:02:56 [notice] 1#1: worker process 31 exited with code 0
2023/05/29 08:02:56 [notice] 1#1: signal 29 (SIGIO) received
2023/05/29 08:02:56 [notice] 1#1: signal 17 (SIGCHLD) received from 32
2023/05/29 08:02:56 [notice] 1#1: worker process 32 exited with code 0
2023/05/29 08:02:56 [notice] 1#1: exit
2023/05/29 08:06:57 [notice] 1#1: using the "epoll" event method
2023/05/29 08:06:57 [notice] 1#1: nginx/1.23.4
2023/05/29 08:06:57 [notice] 1#1: built by gcc 10.2.1 20210110 (Debian 10.2.1-6) 
2023/05/29 08:06:57 [notice] 1#1: OS: Linux 5.19.0-42-generic
2023/05/29 08:06:57 [notice] 1#1: getrlimit(RLIMIT_NOFILE): 1048576:1048576
2023/05/29 08:06:57 [notice] 1#1: start worker processes
2023/05/29 08:06:57 [notice] 1#1: start worker process 29
2023/05/29 08:06:57 [notice] 1#1: start worker process 30
2023/05/29 08:06:57 [notice] 1#1: start worker process 31
2023/05/29 08:06:57 [notice] 1#1: start worker process 32
2023/05/29 08:06:57 [notice] 1#1: start worker process 33
2023/05/29 08:06:57 [notice] 1#1: start worker process 34
2023/05/29 08:06:57 [notice] 1#1: start worker process 35
2023/05/29 08:06:57 [notice] 1#1: start worker process 36
2023/05/29 08:19:41 [notice] 1#1: signal 3 (SIGQUIT) received, shutting down
2023/05/29 08:19:41 [notice] 29#29: gracefully shutting down
2023/05/29 08:19:41 [notice] 30#30: gracefully shutting down
2023/05/29 08:19:41 [notice] 32#32: gracefully shutting down
2023/05/29 08:19:41 [notice] 33#33: gracefully shutting down
2023/05/29 08:19:41 [notice] 35#35: gracefully shutting down
2023/05/29 08:19:41 [notice] 29#29: exiting
2023/05/29 08:19:41 [notice] 36#36: gracefully shutting down
2023/05/29 08:19:41 [notice] 30#30: exiting
2023/05/29 08:19:41 [notice] 32#32: exiting
2023/05/29 08:19:41 [notice] 33#33: exiting
2023/05/29 08:19:41 [notice] 35#35: exiting
2023/05/29 08:19:41 [notice] 36#36: exiting
2023/05/29 08:19:41 [notice] 29#29: exit
2023/05/29 08:19:41 [notice] 30#30: exit
2023/05/29 08:19:41 [notice] 32#32: exit
2023/05/29 08:19:41 [notice] 33#33: exit
2023/05/29 08:19:41 [notice] 35#35: exit
2023/05/29 08:19:41 [notice] 36#36: exit
2023/05/29 08:19:41 [notice] 31#31: gracefully shutting down
2023/05/29 08:19:41 [notice] 34#34: gracefully shutting down
2023/05/29 08:19:41 [notice] 31#31: exiting
2023/05/29 08:19:41 [notice] 34#34: exiting
2023/05/29 08:19:41 [notice] 31#31: exit
2023/05/29 08:19:41 [notice] 34#34: exit
2023/05/29 08:19:41 [notice] 1#1: signal 17 (SIGCHLD) received from 34
2023/05/29 08:19:41 [notice] 1#1: worker process 34 exited with code 0
2023/05/29 08:19:41 [notice] 1#1: signal 29 (SIGIO) received
2023/05/29 08:19:41 [notice] 1#1: signal 17 (SIGCHLD) received from 30
2023/05/29 08:19:41 [notice] 1#1: worker process 30 exited with code 0
2023/05/29 08:19:41 [notice] 1#1: worker process 32 exited with code 0
2023/05/29 08:19:41 [notice] 1#1: worker process 35 exited with code 0
2023/05/29 08:19:41 [notice] 1#1: signal 29 (SIGIO) received
2023/05/29 08:19:41 [notice] 1#1: signal 17 (SIGCHLD) received from 33
2023/05/29 08:19:41 [notice] 1#1: worker process 33 exited with code 0
2023/05/29 08:19:41 [notice] 1#1: worker process 31 exited with code 0
2023/05/29 08:19:41 [notice] 1#1: signal 29 (SIGIO) received
2023/05/29 08:19:41 [notice] 1#1: signal 17 (SIGCHLD) received from 31
2023/05/29 08:19:41 [notice] 1#1: signal 17 (SIGCHLD) received from 36
2023/05/29 08:19:41 [notice] 1#1: worker process 36 exited with code 0
2023/05/29 08:19:41 [notice] 1#1: signal 29 (SIGIO) received
2023/05/29 08:19:41 [notice] 1#1: signal 17 (SIGCHLD) received from 29
2023/05/29 08:19:41 [notice] 1#1: worker process 29 exited with code 0
2023/05/29 08:19:41 [notice] 1#1: exit
